#
# A fatal error has been detected by the Java Runtime Environment:
#
#  Internal Error (./open/src/hotspot/share/oops/generateOopMap.cpp:2164), pid=2148, tid=22292
#  fatal error: Illegal class file encountered. Try running with -Xverify:all in method apply
#
# JRE version: Java(TM) SE Runtime Environment 18.9 (11.0.16+11) (build 11.0.16+11-LTS-199)
# Java VM: Java HotSpot(TM) 64-Bit Server VM 18.9 (11.0.16+11-LTS-199, mixed mode, tiered, compressed oops, g1 gc, windows-amd64)
# No core dump will be written. Minidumps are not enabled by default on client versions of Windows
#
# If you would like to submit a bug report, please visit:
#   https://bugreport.java.com/bugreport/crash.jsp
#

---------------  S U M M A R Y ------------

Command Line: -agentlib:jdwp=transport=dt_socket,address=127.0.0.1:53576,suspend=y,server=n -ea -Didea.test.cyclic.buffer.size=1048576 -javaagent:C:\Users\abhin\AppData\Local\JetBrains\IdeaIC2022.2\captureAgent\debugger-agent.jar -Dfile.encoding=UTF-8 com.intellij.rt.testng.RemoteTestNGStarter -usedefaultlisteners false -socket53575 @w@C:\Users\abhin\AppData\Local\Temp\idea_working_dirs_testng.tmp -temp C:\Users\abhin\AppData\Local\Temp\idea_testng.tmp

Host: 11th Gen Intel(R) Core(TM) i5-1135G7 @ 2.40GHz, 8 cores, 15G,  Windows 11 , 64 bit Build 22621 (10.0.22621.2428)
Time: Fri Oct 27 18:09:10 2023 India Standard Time elapsed time: 22865.518125 seconds (0d 6h 21m 5s)

---------------  T H R E A D  ---------------

Current thread (0x00000217c49a0800):  VMThread "VM Thread" [stack: 0x00000031dcf00000,0x00000031dd000000] [id=22292]

Stack: [0x00000031dcf00000,0x00000031dd000000]
[error occurred during error reporting (printing stack bounds), id 0xc0000005, EXCEPTION_ACCESS_VIOLATION (0xc0000005) at pc=0x00000217a94d10e7]

Native frames: (J=compiled Java code, j=interpreted, Vv=VM code, C=native code)
V  [jvm.dll+0x62a3ea]
V  [jvm.dll+0x76418f]
V  [jvm.dll+0x765839]
V  [jvm.dll+0x765e25]
V  [jvm.dll+0x765ddb]
V  [jvm.dll+0x6298d3]
V  [jvm.dll+0x629fe8]
C  [ntdll.dll+0xa449f]
C  [ntdll.dll+0x1e456]
C  [ntdll.dll+0xa348e]
C  0x00000217a94d10e7

VM_Operation (0x00000031ddafeff0): GetOrSetLocal, mode: safepoint, requested by thread 0x00000217c554a000


---------------  P R O C E S S  ---------------

Threads class SMR info:
_java_thread_list=0x00000217c5b25ba0, length=17, elements={
0x00000217a1e31000, 0x00000217c49a3000, 0x00000217c49ac000, 0x00000217c52a4800,
0x00000217c52a7000, 0x00000217c52a8000, 0x00000217c52ad800, 0x00000217c52af800,
0x00000217c52b0800, 0x00000217c53ae800, 0x00000217c554a000, 0x00000217c56f6000,
0x00000217c56f8000, 0x00000217c685b000, 0x00000217c6a4a800, 0x00000217c6d89800,
0x00000217c6d63000
}

Java Threads: ( => current thread )
  0x00000217a1e31000 JavaThread "main" [_thread_blocked, id=23460, stack(0x00000031dc900000,0x00000031dca00000)]
  0x00000217c49a3000 JavaThread "Reference Handler" daemon [_thread_blocked, id=8620, stack(0x00000031dd000000,0x00000031dd100000)]
  0x00000217c49ac000 JavaThread "Finalizer" daemon [_thread_blocked, id=9064, stack(0x00000031dd100000,0x00000031dd200000)]
  0x00000217c52a4800 JavaThread "Signal Dispatcher" daemon [_thread_blocked, id=19388, stack(0x00000031dd200000,0x00000031dd300000)]
  0x00000217c52a7000 JavaThread "Attach Listener" daemon [_thread_blocked, id=12264, stack(0x00000031dd300000,0x00000031dd400000)]
  0x00000217c52a8000 JavaThread "Service Thread" daemon [_thread_blocked, id=22444, stack(0x00000031dd400000,0x00000031dd500000)]
  0x00000217c52ad800 JavaThread "C2 CompilerThread0" daemon [_thread_blocked, id=3864, stack(0x00000031dd500000,0x00000031dd600000)]
  0x00000217c52af800 JavaThread "C1 CompilerThread0" daemon [_thread_blocked, id=16248, stack(0x00000031dd600000,0x00000031dd700000)]
  0x00000217c52b0800 JavaThread "Sweeper thread" daemon [_thread_blocked, id=15536, stack(0x00000031dd700000,0x00000031dd800000)]
  0x00000217c53ae800 JavaThread "Common-Cleaner" daemon [_thread_blocked, id=21680, stack(0x00000031dd800000,0x00000031dd900000)]
  0x00000217c554a000 JavaThread "JDWP Transport Listener: dt_socket" daemon [_thread_blocked, id=17556, stack(0x00000031dda00000,0x00000031ddb00000)] _threads_hazard_ptr=0x00000217c5b25ba0
  0x00000217c56f6000 JavaThread "JDWP Event Helper Thread" daemon [_thread_blocked, id=5812, stack(0x00000031ddb00000,0x00000031ddc00000)]
  0x00000217c56f8000 JavaThread "JDWP Command Reader" daemon [_thread_in_native, id=12872, stack(0x00000031ddc00000,0x00000031ddd00000)]
  0x00000217c685b000 JavaThread "ForkJoinPool.commonPool-worker-5" daemon [_thread_blocked, id=17240, stack(0x00000031de500000,0x00000031de600000)]
  0x00000217c6a4a800 JavaThread "ForkJoinPool.commonPool-worker-11" daemon [_thread_blocked, id=16420, stack(0x00000031de900000,0x00000031dea00000)]
  0x00000217c6d89800 JavaThread "OkHttp ConnectionPool" daemon [_thread_blocked, id=1864, stack(0x00000031deb00000,0x00000031dec00000)]
  0x00000217c6d63000 JavaThread "Okio Watchdog" daemon [_thread_blocked, id=19964, stack(0x00000031dec00000,0x00000031ded00000)]

Other Threads:
=>0x00000217c49a0800 VMThread "VM Thread" [stack: 0x00000031dcf00000,0x00000031dd000000] [id=22292]
  0x00000217c575b000 WatcherThread [stack: 0x00000031ddd00000,0x00000031dde00000] [id=18604]
  0x00000217a1e46000 GCTaskThread "GC Thread#0" [stack: 0x00000031dca00000,0x00000031dcb00000] [id=8328]
  0x00000217c69dd800 GCTaskThread "GC Thread#1" [stack: 0x00000031dde00000,0x00000031ddf00000] [id=7808]
  0x00000217c69a5800 GCTaskThread "GC Thread#2" [stack: 0x00000031ddf00000,0x00000031de000000] [id=8480]
  0x00000217c5e43000 GCTaskThread "GC Thread#3" [stack: 0x00000031de000000,0x00000031de100000] [id=9960]
  0x00000217c67a1800 GCTaskThread "GC Thread#4" [stack: 0x00000031de100000,0x00000031de200000] [id=11352]
  0x00000217c67a6000 GCTaskThread "GC Thread#5" [stack: 0x00000031de200000,0x00000031de300000] [id=20172]
  0x00000217a1ea1000 ConcurrentGCThread "G1 Main Marker" [stack: 0x00000031dcb00000,0x00000031dcc00000] [id=18760]
  0x00000217a1ea2800 ConcurrentGCThread "G1 Conc#0" [stack: 0x00000031dcc00000,0x00000031dcd00000] [id=18324]
  0x00000217c67a4800 ConcurrentGCThread "G1 Conc#1" [stack: 0x00000031dd900000,0x00000031dda00000] [id=21664]
  0x00000217c4884000 ConcurrentGCThread "G1 Refine#0" [stack: 0x00000031dcd00000,0x00000031dce00000] [id=8632]
  0x00000217c4885000 ConcurrentGCThread "G1 Young RemSet Sampling" [stack: 0x00000031dce00000,0x00000031dcf00000] [id=19204]

Threads with active compile tasks:

VM state:at safepoint (normal execution)

VM Mutex/Monitor currently owned by a thread:  ([mutex/lock_event])
[0x00000217a1e2beb0] Threads_lock - owner thread: 0x00000217c49a0800

Heap address: 0x0000000703600000, size: 4042 MB, Compressed Oops mode: Zero based, Oop shift amount: 3
Narrow klass base: 0x0000000800000000, Narrow klass shift: 0
Compressed class space size: 1073741824 Address: 0x0000000800000000

Heap:
 garbage-first heap   total 260096K, used 12204K [0x0000000703600000, 0x0000000800000000)
  region size 1024K, 12 young (12288K), 6 survivors (6144K)
 Metaspace       used 22327K, capacity 22847K, committed 23036K, reserved 1069056K
  class space    used 2346K, capacity 2561K, committed 2636K, reserved 1048576K
Heap Regions: E=young(eden), S=young(survivor), O=old, HS=humongous(starts), HC=humongous(continues), CS=collection set, F=free, A=archive, TAMS=top-at-mark-start (previous, next)
|   0|0x0000000703600000, 0x0000000703700000, 0x0000000703700000|100%| O|  |TAMS 0x0000000703700000, 0x0000000703600000| Untracked 
|   1|0x0000000703700000, 0x0000000703702200, 0x0000000703800000|  0%| O|  |TAMS 0x0000000703702200, 0x0000000703700000| Untracked 
|   2|0x0000000703800000, 0x0000000703800000, 0x0000000703900000|  0%| F|  |TAMS 0x0000000703800000, 0x0000000703800000| Untracked 
|   3|0x0000000703900000, 0x0000000703900000, 0x0000000703a00000|  0%| F|  |TAMS 0x0000000703900000, 0x0000000703900000| Untracked 
|   4|0x0000000703a00000, 0x0000000703a00000, 0x0000000703b00000|  0%| F|  |TAMS 0x0000000703a00000, 0x0000000703a00000| Untracked 
|   5|0x0000000703b00000, 0x0000000703b00000, 0x0000000703c00000|  0%| F|  |TAMS 0x0000000703b00000, 0x0000000703b00000| Untracked 
|   6|0x0000000703c00000, 0x0000000703c00000, 0x0000000703d00000|  0%| F|  |TAMS 0x0000000703c00000, 0x0000000703c00000| Untracked 
|   7|0x0000000703d00000, 0x0000000703d00000, 0x0000000703e00000|  0%| F|  |TAMS 0x0000000703d00000, 0x0000000703d00000| Untracked 
|   8|0x0000000703e00000, 0x0000000703e00000, 0x0000000703f00000|  0%| F|  |TAMS 0x0000000703e00000, 0x0000000703e00000| Untracked 
|   9|0x0000000703f00000, 0x0000000703f00000, 0x0000000704000000|  0%| F|  |TAMS 0x0000000703f00000, 0x0000000703f00000| Untracked 
|  10|0x0000000704000000, 0x0000000704000000, 0x0000000704100000|  0%| F|  |TAMS 0x0000000704000000, 0x0000000704000000| Untracked 
|  11|0x0000000704100000, 0x0000000704100000, 0x0000000704200000|  0%| F|  |TAMS 0x0000000704100000, 0x0000000704100000| Untracked 
|  12|0x0000000704200000, 0x0000000704200000, 0x0000000704300000|  0%| F|  |TAMS 0x0000000704200000, 0x0000000704200000| Untracked 
|  13|0x0000000704300000, 0x0000000704300000, 0x0000000704400000|  0%| F|  |TAMS 0x0000000704300000, 0x0000000704300000| Untracked 
|  14|0x0000000704400000, 0x0000000704400000, 0x0000000704500000|  0%| F|  |TAMS 0x0000000704400000, 0x0000000704400000| Untracked 
|  15|0x0000000704500000, 0x0000000704500000, 0x0000000704600000|  0%| F|  |TAMS 0x0000000704500000, 0x0000000704500000| Untracked 
|  16|0x0000000704600000, 0x0000000704600000, 0x0000000704700000|  0%| F|  |TAMS 0x0000000704600000, 0x0000000704600000| Untracked 
|  17|0x0000000704700000, 0x0000000704700000, 0x0000000704800000|  0%| F|  |TAMS 0x0000000704700000, 0x0000000704700000| Untracked 
|  18|0x0000000704800000, 0x0000000704800000, 0x0000000704900000|  0%| F|  |TAMS 0x0000000704800000, 0x0000000704800000| Untracked 
|  19|0x0000000704900000, 0x0000000704900000, 0x0000000704a00000|  0%| F|  |TAMS 0x0000000704900000, 0x0000000704900000| Untracked 
|  20|0x0000000704a00000, 0x0000000704a00000, 0x0000000704b00000|  0%| F|  |TAMS 0x0000000704a00000, 0x0000000704a00000| Untracked 
|  21|0x0000000704b00000, 0x0000000704b00000, 0x0000000704c00000|  0%| F|  |TAMS 0x0000000704b00000, 0x0000000704b00000| Untracked 
|  22|0x0000000704c00000, 0x0000000704c00000, 0x0000000704d00000|  0%| F|  |TAMS 0x0000000704c00000, 0x0000000704c00000| Untracked 
|  23|0x0000000704d00000, 0x0000000704d00000, 0x0000000704e00000|  0%| F|  |TAMS 0x0000000704d00000, 0x0000000704d00000| Untracked 
|  24|0x0000000704e00000, 0x0000000704e00000, 0x0000000704f00000|  0%| F|  |TAMS 0x0000000704e00000, 0x0000000704e00000| Untracked 
|  25|0x0000000704f00000, 0x0000000704f00000, 0x0000000705000000|  0%| F|  |TAMS 0x0000000704f00000, 0x0000000704f00000| Untracked 
|  26|0x0000000705000000, 0x0000000705000000, 0x0000000705100000|  0%| F|  |TAMS 0x0000000705000000, 0x0000000705000000| Untracked 
|  27|0x0000000705100000, 0x0000000705100000, 0x0000000705200000|  0%| F|  |TAMS 0x0000000705100000, 0x0000000705100000| Untracked 
|  28|0x0000000705200000, 0x0000000705200000, 0x0000000705300000|  0%| F|  |TAMS 0x0000000705200000, 0x0000000705200000| Untracked 
|  29|0x0000000705300000, 0x0000000705300000, 0x0000000705400000|  0%| F|  |TAMS 0x0000000705300000, 0x0000000705300000| Untracked 
|  30|0x0000000705400000, 0x0000000705400000, 0x0000000705500000|  0%| F|  |TAMS 0x0000000705400000, 0x0000000705400000| Untracked 
|  31|0x0000000705500000, 0x0000000705500000, 0x0000000705600000|  0%| F|  |TAMS 0x0000000705500000, 0x0000000705500000| Untracked 
|  32|0x0000000705600000, 0x0000000705600000, 0x0000000705700000|  0%| F|  |TAMS 0x0000000705600000, 0x0000000705600000| Untracked 
|  33|0x0000000705700000, 0x0000000705700000, 0x0000000705800000|  0%| F|  |TAMS 0x0000000705700000, 0x0000000705700000| Untracked 
|  34|0x0000000705800000, 0x0000000705800000, 0x0000000705900000|  0%| F|  |TAMS 0x0000000705800000, 0x0000000705800000| Untracked 
|  35|0x0000000705900000, 0x0000000705900000, 0x0000000705a00000|  0%| F|  |TAMS 0x0000000705900000, 0x0000000705900000| Untracked 
|  36|0x0000000705a00000, 0x0000000705a00000, 0x0000000705b00000|  0%| F|  |TAMS 0x0000000705a00000, 0x0000000705a00000| Untracked 
|  37|0x0000000705b00000, 0x0000000705b00000, 0x0000000705c00000|  0%| F|  |TAMS 0x0000000705b00000, 0x0000000705b00000| Untracked 
|  38|0x0000000705c00000, 0x0000000705c00000, 0x0000000705d00000|  0%| F|  |TAMS 0x0000000705c00000, 0x0000000705c00000| Untracked 
|  39|0x0000000705d00000, 0x0000000705d00000, 0x0000000705e00000|  0%| F|  |TAMS 0x0000000705d00000, 0x0000000705d00000| Untracked 
|  40|0x0000000705e00000, 0x0000000705e00000, 0x0000000705f00000|  0%| F|  |TAMS 0x0000000705e00000, 0x0000000705e00000| Untracked 
|  41|0x0000000705f00000, 0x0000000705f00000, 0x0000000706000000|  0%| F|  |TAMS 0x0000000705f00000, 0x0000000705f00000| Untracked 
|  42|0x0000000706000000, 0x0000000706000000, 0x0000000706100000|  0%| F|  |TAMS 0x0000000706000000, 0x0000000706000000| Untracked 
|  43|0x0000000706100000, 0x0000000706100000, 0x0000000706200000|  0%| F|  |TAMS 0x0000000706100000, 0x0000000706100000| Untracked 
|  44|0x0000000706200000, 0x0000000706200000, 0x0000000706300000|  0%| F|  |TAMS 0x0000000706200000, 0x0000000706200000| Untracked 
|  45|0x0000000706300000, 0x0000000706300000, 0x0000000706400000|  0%| F|  |TAMS 0x0000000706300000, 0x0000000706300000| Untracked 
|  46|0x0000000706400000, 0x0000000706400000, 0x0000000706500000|  0%| F|  |TAMS 0x0000000706400000, 0x0000000706400000| Untracked 
|  47|0x0000000706500000, 0x0000000706500000, 0x0000000706600000|  0%| F|  |TAMS 0x0000000706500000, 0x0000000706500000| Untracked 
|  48|0x0000000706600000, 0x0000000706600000, 0x0000000706700000|  0%| F|  |TAMS 0x0000000706600000, 0x0000000706600000| Untracked 
|  49|0x0000000706700000, 0x0000000706700000, 0x0000000706800000|  0%| F|  |TAMS 0x0000000706700000, 0x0000000706700000| Untracked 
|  50|0x0000000706800000, 0x0000000706800000, 0x0000000706900000|  0%| F|  |TAMS 0x0000000706800000, 0x0000000706800000| Untracked 
|  51|0x0000000706900000, 0x0000000706900000, 0x0000000706a00000|  0%| F|  |TAMS 0x0000000706900000, 0x0000000706900000| Untracked 
|  52|0x0000000706a00000, 0x0000000706a00000, 0x0000000706b00000|  0%| F|  |TAMS 0x0000000706a00000, 0x0000000706a00000| Untracked 
|  53|0x0000000706b00000, 0x0000000706b00000, 0x0000000706c00000|  0%| F|  |TAMS 0x0000000706b00000, 0x0000000706b00000| Untracked 
|  54|0x0000000706c00000, 0x0000000706c00000, 0x0000000706d00000|  0%| F|  |TAMS 0x0000000706c00000, 0x0000000706c00000| Untracked 
|  55|0x0000000706d00000, 0x0000000706d00000, 0x0000000706e00000|  0%| F|  |TAMS 0x0000000706d00000, 0x0000000706d00000| Untracked 
|  56|0x0000000706e00000, 0x0000000706e00000, 0x0000000706f00000|  0%| F|  |TAMS 0x0000000706e00000, 0x0000000706e00000| Untracked 
|  57|0x0000000706f00000, 0x0000000706f00000, 0x0000000707000000|  0%| F|  |TAMS 0x0000000706f00000, 0x0000000706f00000| Untracked 
|  58|0x0000000707000000, 0x0000000707000000, 0x0000000707100000|  0%| F|  |TAMS 0x0000000707000000, 0x0000000707000000| Untracked 
|  59|0x0000000707100000, 0x0000000707100000, 0x0000000707200000|  0%| F|  |TAMS 0x0000000707100000, 0x0000000707100000| Untracked 
|  60|0x0000000707200000, 0x0000000707200000, 0x0000000707300000|  0%| F|  |TAMS 0x0000000707200000, 0x0000000707200000| Untracked 
|  61|0x0000000707300000, 0x0000000707300000, 0x0000000707400000|  0%| F|  |TAMS 0x0000000707300000, 0x0000000707300000| Untracked 
|  62|0x0000000707400000, 0x0000000707400000, 0x0000000707500000|  0%| F|  |TAMS 0x0000000707400000, 0x0000000707400000| Untracked 
|  63|0x0000000707500000, 0x0000000707500000, 0x0000000707600000|  0%| F|  |TAMS 0x0000000707500000, 0x0000000707500000| Untracked 
|  64|0x0000000707600000, 0x0000000707600000, 0x0000000707700000|  0%| F|  |TAMS 0x0000000707600000, 0x0000000707600000| Untracked 
|  65|0x0000000707700000, 0x0000000707700000, 0x0000000707800000|  0%| F|  |TAMS 0x0000000707700000, 0x0000000707700000| Untracked 
|  66|0x0000000707800000, 0x0000000707800000, 0x0000000707900000|  0%| F|  |TAMS 0x0000000707800000, 0x0000000707800000| Untracked 
|  67|0x0000000707900000, 0x0000000707900000, 0x0000000707a00000|  0%| F|  |TAMS 0x0000000707900000, 0x0000000707900000| Untracked 
|  68|0x0000000707a00000, 0x0000000707a00000, 0x0000000707b00000|  0%| F|  |TAMS 0x0000000707a00000, 0x0000000707a00000| Untracked 
|  69|0x0000000707b00000, 0x0000000707b00000, 0x0000000707c00000|  0%| F|  |TAMS 0x0000000707b00000, 0x0000000707b00000| Untracked 
|  70|0x0000000707c00000, 0x0000000707c00000, 0x0000000707d00000|  0%| F|  |TAMS 0x0000000707c00000, 0x0000000707c00000| Untracked 
|  71|0x0000000707d00000, 0x0000000707d00000, 0x0000000707e00000|  0%| F|  |TAMS 0x0000000707d00000, 0x0000000707d00000| Untracked 
|  72|0x0000000707e00000, 0x0000000707e00000, 0x0000000707f00000|  0%| F|  |TAMS 0x0000000707e00000, 0x0000000707e00000| Untracked 
|  73|0x0000000707f00000, 0x0000000707f00000, 0x0000000708000000|  0%| F|  |TAMS 0x0000000707f00000, 0x0000000707f00000| Untracked 
|  74|0x0000000708000000, 0x0000000708000000, 0x0000000708100000|  0%| F|  |TAMS 0x0000000708000000, 0x0000000708000000| Untracked 
|  75|0x0000000708100000, 0x0000000708100000, 0x0000000708200000|  0%| F|  |TAMS 0x0000000708100000, 0x0000000708100000| Untracked 
|  76|0x0000000708200000, 0x0000000708200000, 0x0000000708300000|  0%| F|  |TAMS 0x0000000708200000, 0x0000000708200000| Untracked 
|  77|0x0000000708300000, 0x0000000708300000, 0x0000000708400000|  0%| F|  |TAMS 0x0000000708300000, 0x0000000708300000| Untracked 
|  78|0x0000000708400000, 0x0000000708400000, 0x0000000708500000|  0%| F|  |TAMS 0x0000000708400000, 0x0000000708400000| Untracked 
|  79|0x0000000708500000, 0x0000000708500000, 0x0000000708600000|  0%| F|  |TAMS 0x0000000708500000, 0x0000000708500000| Untracked 
|  80|0x0000000708600000, 0x0000000708600000, 0x0000000708700000|  0%| F|  |TAMS 0x0000000708600000, 0x0000000708600000| Untracked 
|  81|0x0000000708700000, 0x0000000708700000, 0x0000000708800000|  0%| F|  |TAMS 0x0000000708700000, 0x0000000708700000| Untracked 
|  82|0x0000000708800000, 0x0000000708800000, 0x0000000708900000|  0%| F|  |TAMS 0x0000000708800000, 0x0000000708800000| Untracked 
|  83|0x0000000708900000, 0x0000000708900000, 0x0000000708a00000|  0%| F|  |TAMS 0x0000000708900000, 0x0000000708900000| Untracked 
|  84|0x0000000708a00000, 0x0000000708a00000, 0x0000000708b00000|  0%| F|  |TAMS 0x0000000708a00000, 0x0000000708a00000| Untracked 
|  85|0x0000000708b00000, 0x0000000708b00000, 0x0000000708c00000|  0%| F|  |TAMS 0x0000000708b00000, 0x0000000708b00000| Untracked 
|  86|0x0000000708c00000, 0x0000000708c00000, 0x0000000708d00000|  0%| F|  |TAMS 0x0000000708c00000, 0x0000000708c00000| Untracked 
|  87|0x0000000708d00000, 0x0000000708d00000, 0x0000000708e00000|  0%| F|  |TAMS 0x0000000708d00000, 0x0000000708d00000| Untracked 
|  88|0x0000000708e00000, 0x0000000708e00000, 0x0000000708f00000|  0%| F|  |TAMS 0x0000000708e00000, 0x0000000708e00000| Untracked 
|  89|0x0000000708f00000, 0x0000000708f00000, 0x0000000709000000|  0%| F|  |TAMS 0x0000000708f00000, 0x0000000708f00000| Untracked 
|  90|0x0000000709000000, 0x0000000709000000, 0x0000000709100000|  0%| F|  |TAMS 0x0000000709000000, 0x0000000709000000| Untracked 
|  91|0x0000000709100000, 0x0000000709100000, 0x0000000709200000|  0%| F|  |TAMS 0x0000000709100000, 0x0000000709100000| Untracked 
|  92|0x0000000709200000, 0x0000000709200000, 0x0000000709300000|  0%| F|  |TAMS 0x0000000709200000, 0x0000000709200000| Untracked 
|  93|0x0000000709300000, 0x0000000709300000, 0x0000000709400000|  0%| F|  |TAMS 0x0000000709300000, 0x0000000709300000| Untracked 
|  94|0x0000000709400000, 0x0000000709400000, 0x0000000709500000|  0%| F|  |TAMS 0x0000000709400000, 0x0000000709400000| Untracked 
|  95|0x0000000709500000, 0x0000000709500000, 0x0000000709600000|  0%| F|  |TAMS 0x0000000709500000, 0x0000000709500000| Untracked 
|  96|0x0000000709600000, 0x0000000709600000, 0x0000000709700000|  0%| F|  |TAMS 0x0000000709600000, 0x0000000709600000| Untracked 
|  97|0x0000000709700000, 0x0000000709700000, 0x0000000709800000|  0%| F|  |TAMS 0x0000000709700000, 0x0000000709700000| Untracked 
|  98|0x0000000709800000, 0x0000000709800000, 0x0000000709900000|  0%| F|  |TAMS 0x0000000709800000, 0x0000000709800000| Untracked 
|  99|0x0000000709900000, 0x0000000709900000, 0x0000000709a00000|  0%| F|  |TAMS 0x0000000709900000, 0x0000000709900000| Untracked 
| 100|0x0000000709a00000, 0x0000000709a00000, 0x0000000709b00000|  0%| F|  |TAMS 0x0000000709a00000, 0x0000000709a00000| Untracked 
| 101|0x0000000709b00000, 0x0000000709b00000, 0x0000000709c00000|  0%| F|  |TAMS 0x0000000709b00000, 0x0000000709b00000| Untracked 
| 102|0x0000000709c00000, 0x0000000709c00000, 0x0000000709d00000|  0%| F|  |TAMS 0x0000000709c00000, 0x0000000709c00000| Untracked 
| 103|0x0000000709d00000, 0x0000000709d00000, 0x0000000709e00000|  0%| F|  |TAMS 0x0000000709d00000, 0x0000000709d00000| Untracked 
| 104|0x0000000709e00000, 0x0000000709e00000, 0x0000000709f00000|  0%| F|  |TAMS 0x0000000709e00000, 0x0000000709e00000| Untracked 
| 105|0x0000000709f00000, 0x0000000709f00000, 0x000000070a000000|  0%| F|  |TAMS 0x0000000709f00000, 0x0000000709f00000| Untracked 
| 106|0x000000070a000000, 0x000000070a000000, 0x000000070a100000|  0%| F|  |TAMS 0x000000070a000000, 0x000000070a000000| Untracked 
| 107|0x000000070a100000, 0x000000070a100000, 0x000000070a200000|  0%| F|  |TAMS 0x000000070a100000, 0x000000070a100000| Untracked 
| 108|0x000000070a200000, 0x000000070a200000, 0x000000070a300000|  0%| F|  |TAMS 0x000000070a200000, 0x000000070a200000| Untracked 
| 109|0x000000070a300000, 0x000000070a300000, 0x000000070a400000|  0%| F|  |TAMS 0x000000070a300000, 0x000000070a300000| Untracked 
| 110|0x000000070a400000, 0x000000070a400000, 0x000000070a500000|  0%| F|  |TAMS 0x000000070a400000, 0x000000070a400000| Untracked 
| 111|0x000000070a500000, 0x000000070a500000, 0x000000070a600000|  0%| F|  |TAMS 0x000000070a500000, 0x000000070a500000| Untracked 
| 112|0x000000070a600000, 0x000000070a600000, 0x000000070a700000|  0%| F|  |TAMS 0x000000070a600000, 0x000000070a600000| Untracked 
| 113|0x000000070a700000, 0x000000070a700000, 0x000000070a800000|  0%| F|  |TAMS 0x000000070a700000, 0x000000070a700000| Untracked 
| 114|0x000000070a800000, 0x000000070a800000, 0x000000070a900000|  0%| F|  |TAMS 0x000000070a800000, 0x000000070a800000| Untracked 
| 115|0x000000070a900000, 0x000000070a900000, 0x000000070aa00000|  0%| F|  |TAMS 0x000000070a900000, 0x000000070a900000| Untracked 
| 116|0x000000070aa00000, 0x000000070aa00000, 0x000000070ab00000|  0%| F|  |TAMS 0x000000070aa00000, 0x000000070aa00000| Untracked 
| 117|0x000000070ab00000, 0x000000070ab00000, 0x000000070ac00000|  0%| F|  |TAMS 0x000000070ab00000, 0x000000070ab00000| Untracked 
| 118|0x000000070ac00000, 0x000000070ac00000, 0x000000070ad00000|  0%| F|  |TAMS 0x000000070ac00000, 0x000000070ac00000| Untracked 
| 119|0x000000070ad00000, 0x000000070ad00000, 0x000000070ae00000|  0%| F|  |TAMS 0x000000070ad00000, 0x000000070ad00000| Untracked 
| 120|0x000000070ae00000, 0x000000070ae00000, 0x000000070af00000|  0%| F|  |TAMS 0x000000070ae00000, 0x000000070ae00000| Untracked 
| 121|0x000000070af00000, 0x000000070af00000, 0x000000070b000000|  0%| F|  |TAMS 0x000000070af00000, 0x000000070af00000| Untracked 
| 122|0x000000070b000000, 0x000000070b000000, 0x000000070b100000|  0%| F|  |TAMS 0x000000070b000000, 0x000000070b000000| Untracked 
| 123|0x000000070b100000, 0x000000070b100000, 0x000000070b200000|  0%| F|  |TAMS 0x000000070b100000, 0x000000070b100000| Untracked 
| 124|0x000000070b200000, 0x000000070b200000, 0x000000070b300000|  0%| F|  |TAMS 0x000000070b200000, 0x000000070b200000| Untracked 
| 125|0x000000070b300000, 0x000000070b300000, 0x000000070b400000|  0%| F|  |TAMS 0x000000070b300000, 0x000000070b300000| Untracked 
| 126|0x000000070b400000, 0x000000070b400000, 0x000000070b500000|  0%| F|  |TAMS 0x000000070b400000, 0x000000070b400000| Untracked 
| 127|0x000000070b500000, 0x000000070b500000, 0x000000070b600000|  0%| F|  |TAMS 0x000000070b500000, 0x000000070b500000| Untracked 
| 128|0x000000070b600000, 0x000000070b600000, 0x000000070b700000|  0%| F|  |TAMS 0x000000070b600000, 0x000000070b600000| Untracked 
| 129|0x000000070b700000, 0x000000070b700000, 0x000000070b800000|  0%| F|  |TAMS 0x000000070b700000, 0x000000070b700000| Untracked 
| 130|0x000000070b800000, 0x000000070b800000, 0x000000070b900000|  0%| F|  |TAMS 0x000000070b800000, 0x000000070b800000| Untracked 
| 131|0x000000070b900000, 0x000000070b900000, 0x000000070ba00000|  0%| F|  |TAMS 0x000000070b900000, 0x000000070b900000| Untracked 
| 132|0x000000070ba00000, 0x000000070ba00000, 0x000000070bb00000|  0%| F|  |TAMS 0x000000070ba00000, 0x000000070ba00000| Untracked 
| 133|0x000000070bb00000, 0x000000070bb00000, 0x000000070bc00000|  0%| F|  |TAMS 0x000000070bb00000, 0x000000070bb00000| Untracked 
| 134|0x000000070bc00000, 0x000000070bc00000, 0x000000070bd00000|  0%| F|  |TAMS 0x000000070bc00000, 0x000000070bc00000| Untracked 
| 135|0x000000070bd00000, 0x000000070bd00000, 0x000000070be00000|  0%| F|  |TAMS 0x000000070bd00000, 0x000000070bd00000| Untracked 
| 136|0x000000070be00000, 0x000000070be00000, 0x000000070bf00000|  0%| F|  |TAMS 0x000000070be00000, 0x000000070be00000| Untracked 
| 137|0x000000070bf00000, 0x000000070bf00000, 0x000000070c000000|  0%| F|  |TAMS 0x000000070bf00000, 0x000000070bf00000| Untracked 
| 138|0x000000070c000000, 0x000000070c000000, 0x000000070c100000|  0%| F|  |TAMS 0x000000070c000000, 0x000000070c000000| Untracked 
| 139|0x000000070c100000, 0x000000070c100000, 0x000000070c200000|  0%| F|  |TAMS 0x000000070c100000, 0x000000070c100000| Untracked 
| 140|0x000000070c200000, 0x000000070c200000, 0x000000070c300000|  0%| F|  |TAMS 0x000000070c200000, 0x000000070c200000| Untracked 
| 141|0x000000070c300000, 0x000000070c300000, 0x000000070c400000|  0%| F|  |TAMS 0x000000070c300000, 0x000000070c300000| Untracked 
| 142|0x000000070c400000, 0x000000070c400000, 0x000000070c500000|  0%| F|  |TAMS 0x000000070c400000, 0x000000070c400000| Untracked 
| 143|0x000000070c500000, 0x000000070c500000, 0x000000070c600000|  0%| F|  |TAMS 0x000000070c500000, 0x000000070c500000| Untracked 
| 144|0x000000070c600000, 0x000000070c600000, 0x000000070c700000|  0%| F|  |TAMS 0x000000070c600000, 0x000000070c600000| Untracked 
| 145|0x000000070c700000, 0x000000070c700000, 0x000000070c800000|  0%| F|  |TAMS 0x000000070c700000, 0x000000070c700000| Untracked 
| 146|0x000000070c800000, 0x000000070c800000, 0x000000070c900000|  0%| F|  |TAMS 0x000000070c800000, 0x000000070c800000| Untracked 
| 147|0x000000070c900000, 0x000000070c900000, 0x000000070ca00000|  0%| F|  |TAMS 0x000000070c900000, 0x000000070c900000| Untracked 
| 148|0x000000070ca00000, 0x000000070ca00000, 0x000000070cb00000|  0%| F|  |TAMS 0x000000070ca00000, 0x000000070ca00000| Untracked 
| 149|0x000000070cb00000, 0x000000070cb00000, 0x000000070cc00000|  0%| F|  |TAMS 0x000000070cb00000, 0x000000070cb00000| Untracked 
| 150|0x000000070cc00000, 0x000000070cc00000, 0x000000070cd00000|  0%| F|  |TAMS 0x000000070cc00000, 0x000000070cc00000| Untracked 
| 151|0x000000070cd00000, 0x000000070cd00000, 0x000000070ce00000|  0%| F|  |TAMS 0x000000070cd00000, 0x000000070cd00000| Untracked 
| 152|0x000000070ce00000, 0x000000070ce00000, 0x000000070cf00000|  0%| F|  |TAMS 0x000000070ce00000, 0x000000070ce00000| Untracked 
| 153|0x000000070cf00000, 0x000000070cf00000, 0x000000070d000000|  0%| F|  |TAMS 0x000000070cf00000, 0x000000070cf00000| Untracked 
| 154|0x000000070d000000, 0x000000070d000000, 0x000000070d100000|  0%| F|  |TAMS 0x000000070d000000, 0x000000070d000000| Untracked 
| 155|0x000000070d100000, 0x000000070d100000, 0x000000070d200000|  0%| F|  |TAMS 0x000000070d100000, 0x000000070d100000| Untracked 
| 156|0x000000070d200000, 0x000000070d200000, 0x000000070d300000|  0%| F|  |TAMS 0x000000070d200000, 0x000000070d200000| Untracked 
| 157|0x000000070d300000, 0x000000070d300000, 0x000000070d400000|  0%| F|  |TAMS 0x000000070d300000, 0x000000070d300000| Untracked 
| 158|0x000000070d400000, 0x000000070d400000, 0x000000070d500000|  0%| F|  |TAMS 0x000000070d400000, 0x000000070d400000| Untracked 
| 159|0x000000070d500000, 0x000000070d500000, 0x000000070d600000|  0%| F|  |TAMS 0x000000070d500000, 0x000000070d500000| Untracked 
| 160|0x000000070d600000, 0x000000070d600000, 0x000000070d700000|  0%| F|  |TAMS 0x000000070d600000, 0x000000070d600000| Untracked 
| 161|0x000000070d700000, 0x000000070d700000, 0x000000070d800000|  0%| F|  |TAMS 0x000000070d700000, 0x000000070d700000| Untracked 
| 162|0x000000070d800000, 0x000000070d800000, 0x000000070d900000|  0%| F|  |TAMS 0x000000070d800000, 0x000000070d800000| Untracked 
| 163|0x000000070d900000, 0x000000070d900000, 0x000000070da00000|  0%| F|  |TAMS 0x000000070d900000, 0x000000070d900000| Untracked 
| 164|0x000000070da00000, 0x000000070da00000, 0x000000070db00000|  0%| F|  |TAMS 0x000000070da00000, 0x000000070da00000| Untracked 
| 165|0x000000070db00000, 0x000000070db00000, 0x000000070dc00000|  0%| F|  |TAMS 0x000000070db00000, 0x000000070db00000| Untracked 
| 166|0x000000070dc00000, 0x000000070dc00000, 0x000000070dd00000|  0%| F|  |TAMS 0x000000070dc00000, 0x000000070dc00000| Untracked 
| 167|0x000000070dd00000, 0x000000070dd00000, 0x000000070de00000|  0%| F|  |TAMS 0x000000070dd00000, 0x000000070dd00000| Untracked 
| 168|0x000000070de00000, 0x000000070de00000, 0x000000070df00000|  0%| F|  |TAMS 0x000000070de00000, 0x000000070de00000| Untracked 
| 169|0x000000070df00000, 0x000000070df00000, 0x000000070e000000|  0%| F|  |TAMS 0x000000070df00000, 0x000000070df00000| Untracked 
| 170|0x000000070e000000, 0x000000070e000000, 0x000000070e100000|  0%| F|  |TAMS 0x000000070e000000, 0x000000070e000000| Untracked 
| 171|0x000000070e100000, 0x000000070e100000, 0x000000070e200000|  0%| F|  |TAMS 0x000000070e100000, 0x000000070e100000| Untracked 
| 172|0x000000070e200000, 0x000000070e200000, 0x000000070e300000|  0%| F|  |TAMS 0x000000070e200000, 0x000000070e200000| Untracked 
| 173|0x000000070e300000, 0x000000070e300000, 0x000000070e400000|  0%| F|  |TAMS 0x000000070e300000, 0x000000070e300000| Untracked 
| 174|0x000000070e400000, 0x000000070e400000, 0x000000070e500000|  0%| F|  |TAMS 0x000000070e400000, 0x000000070e400000| Untracked 
| 175|0x000000070e500000, 0x000000070e500000, 0x000000070e600000|  0%| F|  |TAMS 0x000000070e500000, 0x000000070e500000| Untracked 
| 176|0x000000070e600000, 0x000000070e600000, 0x000000070e700000|  0%| F|  |TAMS 0x000000070e600000, 0x000000070e600000| Untracked 
| 177|0x000000070e700000, 0x000000070e700000, 0x000000070e800000|  0%| F|  |TAMS 0x000000070e700000, 0x000000070e700000| Untracked 
| 178|0x000000070e800000, 0x000000070e800000, 0x000000070e900000|  0%| F|  |TAMS 0x000000070e800000, 0x000000070e800000| Untracked 
| 179|0x000000070e900000, 0x000000070e900000, 0x000000070ea00000|  0%| F|  |TAMS 0x000000070e900000, 0x000000070e900000| Untracked 
| 180|0x000000070ea00000, 0x000000070ea00000, 0x000000070eb00000|  0%| F|  |TAMS 0x000000070ea00000, 0x000000070ea00000| Untracked 
| 181|0x000000070eb00000, 0x000000070eb00000, 0x000000070ec00000|  0%| F|  |TAMS 0x000000070eb00000, 0x000000070eb00000| Untracked 
| 182|0x000000070ec00000, 0x000000070ec00000, 0x000000070ed00000|  0%| F|  |TAMS 0x000000070ec00000, 0x000000070ec00000| Untracked 
| 183|0x000000070ed00000, 0x000000070ed00000, 0x000000070ee00000|  0%| F|  |TAMS 0x000000070ed00000, 0x000000070ed00000| Untracked 
| 184|0x000000070ee00000, 0x000000070ee00000, 0x000000070ef00000|  0%| F|  |TAMS 0x000000070ee00000, 0x000000070ee00000| Untracked 
| 185|0x000000070ef00000, 0x000000070ef00000, 0x000000070f000000|  0%| F|  |TAMS 0x000000070ef00000, 0x000000070ef00000| Untracked 
| 186|0x000000070f000000, 0x000000070f000000, 0x000000070f100000|  0%| F|  |TAMS 0x000000070f000000, 0x000000070f000000| Untracked 
| 187|0x000000070f100000, 0x000000070f100000, 0x000000070f200000|  0%| F|  |TAMS 0x000000070f100000, 0x000000070f100000| Untracked 
| 188|0x000000070f200000, 0x000000070f200000, 0x000000070f300000|  0%| F|  |TAMS 0x000000070f200000, 0x000000070f200000| Untracked 
| 189|0x000000070f300000, 0x000000070f300000, 0x000000070f400000|  0%| F|  |TAMS 0x000000070f300000, 0x000000070f300000| Untracked 
| 190|0x000000070f400000, 0x000000070f400000, 0x000000070f500000|  0%| F|  |TAMS 0x000000070f400000, 0x000000070f400000| Untracked 
| 191|0x000000070f500000, 0x000000070f500000, 0x000000070f600000|  0%| F|  |TAMS 0x000000070f500000, 0x000000070f500000| Untracked 
| 192|0x000000070f600000, 0x000000070f600000, 0x000000070f700000|  0%| F|  |TAMS 0x000000070f600000, 0x000000070f600000| Untracked 
| 193|0x000000070f700000, 0x000000070f700000, 0x000000070f800000|  0%| F|  |TAMS 0x000000070f700000, 0x000000070f700000| Untracked 
| 194|0x000000070f800000, 0x000000070f800000, 0x000000070f900000|  0%| F|  |TAMS 0x000000070f800000, 0x000000070f800000| Untracked 
| 195|0x000000070f900000, 0x000000070f900000, 0x000000070fa00000|  0%| F|  |TAMS 0x000000070f900000, 0x000000070f900000| Untracked 
| 196|0x000000070fa00000, 0x000000070fa00000, 0x000000070fb00000|  0%| F|  |TAMS 0x000000070fa00000, 0x000000070fa00000| Untracked 
| 197|0x000000070fb00000, 0x000000070fb00000, 0x000000070fc00000|  0%| F|  |TAMS 0x000000070fb00000, 0x000000070fb00000| Untracked 
| 198|0x000000070fc00000, 0x000000070fc00000, 0x000000070fd00000|  0%| F|  |TAMS 0x000000070fc00000, 0x000000070fc00000| Untracked 
| 199|0x000000070fd00000, 0x000000070fd00000, 0x000000070fe00000|  0%| F|  |TAMS 0x000000070fd00000, 0x000000070fd00000| Untracked 
| 200|0x000000070fe00000, 0x000000070fe00000, 0x000000070ff00000|  0%| F|  |TAMS 0x000000070fe00000, 0x000000070fe00000| Untracked 
| 201|0x000000070ff00000, 0x000000070ff00000, 0x0000000710000000|  0%| F|  |TAMS 0x000000070ff00000, 0x000000070ff00000| Untracked 
| 202|0x0000000710000000, 0x0000000710000000, 0x0000000710100000|  0%| F|  |TAMS 0x0000000710000000, 0x0000000710000000| Untracked 
| 203|0x0000000710100000, 0x0000000710100000, 0x0000000710200000|  0%| F|  |TAMS 0x0000000710100000, 0x0000000710100000| Untracked 
| 204|0x0000000710200000, 0x0000000710200000, 0x0000000710300000|  0%| F|  |TAMS 0x0000000710200000, 0x0000000710200000| Untracked 
| 205|0x0000000710300000, 0x0000000710300000, 0x0000000710400000|  0%| F|  |TAMS 0x0000000710300000, 0x0000000710300000| Untracked 
| 206|0x0000000710400000, 0x0000000710400000, 0x0000000710500000|  0%| F|  |TAMS 0x0000000710400000, 0x0000000710400000| Untracked 
| 207|0x0000000710500000, 0x0000000710500000, 0x0000000710600000|  0%| F|  |TAMS 0x0000000710500000, 0x0000000710500000| Untracked 
| 208|0x0000000710600000, 0x0000000710600000, 0x0000000710700000|  0%| F|  |TAMS 0x0000000710600000, 0x0000000710600000| Untracked 
| 209|0x0000000710700000, 0x0000000710700000, 0x0000000710800000|  0%| F|  |TAMS 0x0000000710700000, 0x0000000710700000| Untracked 
| 210|0x0000000710800000, 0x0000000710800000, 0x0000000710900000|  0%| F|  |TAMS 0x0000000710800000, 0x0000000710800000| Untracked 
| 211|0x0000000710900000, 0x0000000710900000, 0x0000000710a00000|  0%| F|  |TAMS 0x0000000710900000, 0x0000000710900000| Untracked 
| 212|0x0000000710a00000, 0x0000000710a00000, 0x0000000710b00000|  0%| F|  |TAMS 0x0000000710a00000, 0x0000000710a00000| Untracked 
| 213|0x0000000710b00000, 0x0000000710b00000, 0x0000000710c00000|  0%| F|  |TAMS 0x0000000710b00000, 0x0000000710b00000| Untracked 
| 214|0x0000000710c00000, 0x0000000710c00000, 0x0000000710d00000|  0%| F|  |TAMS 0x0000000710c00000, 0x0000000710c00000| Untracked 
| 215|0x0000000710d00000, 0x0000000710d00000, 0x0000000710e00000|  0%| F|  |TAMS 0x0000000710d00000, 0x0000000710d00000| Untracked 
| 216|0x0000000710e00000, 0x0000000710ee8e20, 0x0000000710f00000| 90%| S|CS|TAMS 0x0000000710e00000, 0x0000000710e00000| Complete 
| 217|0x0000000710f00000, 0x0000000711000000, 0x0000000711000000|100%| S|CS|TAMS 0x0000000710f00000, 0x0000000710f00000| Complete 
| 218|0x0000000711000000, 0x0000000711100000, 0x0000000711100000|100%| S|CS|TAMS 0x0000000711000000, 0x0000000711000000| Complete 
| 219|0x0000000711100000, 0x0000000711200000, 0x0000000711200000|100%| S|CS|TAMS 0x0000000711100000, 0x0000000711100000| Complete 
| 220|0x0000000711200000, 0x0000000711300000, 0x0000000711300000|100%| S|CS|TAMS 0x0000000711200000, 0x0000000711200000| Complete 
| 221|0x0000000711300000, 0x0000000711400000, 0x0000000711400000|100%| S|CS|TAMS 0x0000000711300000, 0x0000000711300000| Complete 
| 222|0x0000000711400000, 0x0000000711400000, 0x0000000711500000|  0%| F|  |TAMS 0x0000000711400000, 0x0000000711400000| Untracked 
| 223|0x0000000711500000, 0x0000000711500000, 0x0000000711600000|  0%| F|  |TAMS 0x0000000711500000, 0x0000000711500000| Untracked 
| 224|0x0000000711600000, 0x0000000711600000, 0x0000000711700000|  0%| F|  |TAMS 0x0000000711600000, 0x0000000711600000| Untracked 
| 225|0x0000000711700000, 0x0000000711700000, 0x0000000711800000|  0%| F|  |TAMS 0x0000000711700000, 0x0000000711700000| Untracked 
| 226|0x0000000711800000, 0x0000000711800000, 0x0000000711900000|  0%| F|  |TAMS 0x0000000711800000, 0x0000000711800000| Untracked 
| 227|0x0000000711900000, 0x0000000711900000, 0x0000000711a00000|  0%| F|  |TAMS 0x0000000711900000, 0x0000000711900000| Untracked 
| 228|0x0000000711a00000, 0x0000000711a00000, 0x0000000711b00000|  0%| F|  |TAMS 0x0000000711a00000, 0x0000000711a00000| Untracked 
| 229|0x0000000711b00000, 0x0000000711b00000, 0x0000000711c00000|  0%| F|  |TAMS 0x0000000711b00000, 0x0000000711b00000| Untracked 
| 230|0x0000000711c00000, 0x0000000711c00000, 0x0000000711d00000|  0%| F|  |TAMS 0x0000000711c00000, 0x0000000711c00000| Untracked 
| 231|0x0000000711d00000, 0x0000000711d00000, 0x0000000711e00000|  0%| F|  |TAMS 0x0000000711d00000, 0x0000000711d00000| Untracked 
| 232|0x0000000711e00000, 0x0000000711e00000, 0x0000000711f00000|  0%| F|  |TAMS 0x0000000711e00000, 0x0000000711e00000| Untracked 
| 233|0x0000000711f00000, 0x0000000711f00000, 0x0000000712000000|  0%| F|  |TAMS 0x0000000711f00000, 0x0000000711f00000| Untracked 
| 234|0x0000000712000000, 0x0000000712000000, 0x0000000712100000|  0%| F|  |TAMS 0x0000000712000000, 0x0000000712000000| Untracked 
| 235|0x0000000712100000, 0x0000000712100000, 0x0000000712200000|  0%| F|  |TAMS 0x0000000712100000, 0x0000000712100000| Untracked 
| 236|0x0000000712200000, 0x0000000712200000, 0x0000000712300000|  0%| F|  |TAMS 0x0000000712200000, 0x0000000712200000| Untracked 
| 237|0x0000000712300000, 0x0000000712300000, 0x0000000712400000|  0%| F|  |TAMS 0x0000000712300000, 0x0000000712300000| Untracked 
| 238|0x0000000712400000, 0x0000000712400000, 0x0000000712500000|  0%| F|  |TAMS 0x0000000712400000, 0x0000000712400000| Untracked 
| 239|0x0000000712500000, 0x0000000712500000, 0x0000000712600000|  0%| F|  |TAMS 0x0000000712500000, 0x0000000712500000| Untracked 
| 240|0x0000000712600000, 0x0000000712600000, 0x0000000712700000|  0%| F|  |TAMS 0x0000000712600000, 0x0000000712600000| Untracked 
| 241|0x0000000712700000, 0x0000000712700000, 0x0000000712800000|  0%| F|  |TAMS 0x0000000712700000, 0x0000000712700000| Untracked 
| 242|0x0000000712800000, 0x0000000712800000, 0x0000000712900000|  0%| F|  |TAMS 0x0000000712800000, 0x0000000712800000| Untracked 
| 243|0x0000000712900000, 0x0000000712900000, 0x0000000712a00000|  0%| F|  |TAMS 0x0000000712900000, 0x0000000712900000| Untracked 
| 244|0x0000000712a00000, 0x0000000712a00000, 0x0000000712b00000|  0%| F|  |TAMS 0x0000000712a00000, 0x0000000712a00000| Untracked 
| 245|0x0000000712b00000, 0x0000000712b00000, 0x0000000712c00000|  0%| F|  |TAMS 0x0000000712b00000, 0x0000000712b00000| Untracked 
| 246|0x0000000712c00000, 0x0000000712c00000, 0x0000000712d00000|  0%| F|  |TAMS 0x0000000712c00000, 0x0000000712c00000| Untracked 
| 247|0x0000000712d00000, 0x0000000712d00000, 0x0000000712e00000|  0%| F|  |TAMS 0x0000000712d00000, 0x0000000712d00000| Untracked 
| 248|0x0000000712e00000, 0x0000000712e6ead8, 0x0000000712f00000| 43%| E|  |TAMS 0x0000000712e00000, 0x0000000712e00000| Complete 
| 249|0x0000000712f00000, 0x0000000713000000, 0x0000000713000000|100%| E|CS|TAMS 0x0000000712f00000, 0x0000000712f00000| Complete 
| 250|0x0000000713000000, 0x0000000713100000, 0x0000000713100000|100%| E|CS|TAMS 0x0000000713000000, 0x0000000713000000| Complete 
| 251|0x0000000713100000, 0x0000000713200000, 0x0000000713200000|100%| E|CS|TAMS 0x0000000713100000, 0x0000000713100000| Complete 
| 252|0x0000000713200000, 0x0000000713300000, 0x0000000713300000|100%| E|CS|TAMS 0x0000000713200000, 0x0000000713200000| Complete 
| 253|0x0000000713300000, 0x0000000713400000, 0x0000000713400000|100%| E|CS|TAMS 0x0000000713300000, 0x0000000713300000| Complete 

Card table byte_map: [0x00000217b8ff0000,0x00000217b97e0000] _byte_map_base: 0x00000217b57d5000

Marking Bits (Prev, Next): (CMBitMap*) 0x00000217a1e90690, (CMBitMap*) 0x00000217a1e90658
 Prev Bits: [0x00000217bdf00000, 0x00000217c1e28000)
 Next Bits: [0x00000217b9fd0000, 0x00000217bdef8000)

Polling page: 0x00000217a1600000

Metaspace:

Usage:
  Non-class:     19.81 MB capacity,    19.51 MB ( 98%) used,   249.77 KB (  1%) free+waste,    55.69 KB ( <1%) overhead. 
      Class:      2.50 MB capacity,     2.29 MB ( 92%) used,   187.20 KB (  7%) free+waste,    26.88 KB (  1%) overhead. 
       Both:     22.31 MB capacity,    21.80 MB ( 98%) used,   436.97 KB (  2%) free+waste,    82.56 KB ( <1%) overhead. 

Virtual space:
  Non-class space:       20.00 MB reserved,      19.92 MB (>99%) committed 
      Class space:        1.00 GB reserved,       2.57 MB ( <1%) committed 
             Both:        1.02 GB reserved,      22.50 MB (  2%) committed 

Chunk freelists:
   Non-Class:  256 bytes
       Class:  0 bytes
        Both:  256 bytes

CodeHeap 'non-profiled nmethods': size=120000Kb used=633Kb max_used=633Kb free=119366Kb
 bounds [0x00000217b0fa0000, 0x00000217b1210000, 0x00000217b84d0000]
CodeHeap 'profiled nmethods': size=120000Kb used=3576Kb max_used=3576Kb free=116423Kb
 bounds [0x00000217a9a70000, 0x00000217a9df0000, 0x00000217b0fa0000]
CodeHeap 'non-nmethods': size=5760Kb used=1257Kb max_used=1269Kb free=4502Kb
 bounds [0x00000217a94d0000, 0x00000217a9740000, 0x00000217a9a70000]
 total_blobs=2270 nmethods=1778 adapters=411
 compilation: enabled
              stopped_count=0, restarted_count=0
 full_count=0

Compilation events (10 events):
Event: 13.646 Thread 0x00000217c52af800 1774       3       java.util.TreeMap$PrivateEntryIterator::hasNext (13 bytes)
Event: 13.646 Thread 0x00000217c52af800 nmethod 1774 0x00000217a9dec610 code [0x00000217a9dec7a0, 0x00000217a9dec8f8]
Event: 13.647 Thread 0x00000217c52af800 1775       3       jdk.internal.math.FDBigInteger::mult (64 bytes)
Event: 13.647 Thread 0x00000217c52af800 nmethod 1775 0x00000217a9dec990 code [0x00000217a9decb40, 0x00000217a9decd98]
Event: 13.647 Thread 0x00000217c52af800 1776       3       jdk.internal.math.FDBigInteger::<init> (30 bytes)
Event: 13.647 Thread 0x00000217c52af800 nmethod 1776 0x00000217a9decf90 code [0x00000217a9ded140, 0x00000217a9ded348]
Event: 13.647 Thread 0x00000217c52af800 1778       3       java.util.TreeMap::successor (66 bytes)
Event: 13.647 Thread 0x00000217c52af800 nmethod 1778 0x00000217a9ded490 code [0x00000217a9ded640, 0x00000217a9ded998]
Event: 13.647 Thread 0x00000217c52af800 1777       3       java.util.TreeMap$PrivateEntryIterator::nextEntry (54 bytes)
Event: 13.647 Thread 0x00000217c52af800 nmethod 1777 0x00000217a9dedb10 code [0x00000217a9dedd00, 0x00000217a9dee108]

GC Heap History (4 events):
Event: 0.759 GC heap before
{Heap before GC invocations=0 (full 0):
 garbage-first heap   total 260096K, used 23552K [0x0000000703600000, 0x0000000800000000)
  region size 1024K, 24 young (24576K), 0 survivors (0K)
 Metaspace       used 13732K, capacity 13927K, committed 14080K, reserved 1062912K
  class space    used 1376K, capacity 1452K, committed 1536K, reserved 1048576K
}
Event: 0.763 GC heap after
{Heap after GC invocations=1 (full 0):
 garbage-first heap   total 260096K, used 4104K [0x0000000703600000, 0x0000000800000000)
  region size 1024K, 3 young (3072K), 3 survivors (3072K)
 Metaspace       used 13732K, capacity 13927K, committed 14080K, reserved 1062912K
  class space    used 1376K, capacity 1452K, committed 1536K, reserved 1048576K
}
Event: 8.458 GC heap before
{Heap before GC invocations=1 (full 0):
 garbage-first heap   total 260096K, used 32776K [0x0000000703600000, 0x0000000800000000)
  region size 1024K, 32 young (32768K), 3 survivors (3072K)
 Metaspace       used 20784K, capacity 21269K, committed 21296K, reserved 1069056K
  class space    used 2218K, capacity 2417K, committed 2432K, reserved 1048576K
}
Event: 8.463 GC heap after
{Heap after GC invocations=2 (full 0):
 garbage-first heap   total 260096K, used 7084K [0x0000000703600000, 0x0000000800000000)
  region size 1024K, 6 young (6144K), 6 survivors (6144K)
 Metaspace       used 20784K, capacity 21269K, committed 21296K, reserved 1069056K
  class space    used 2218K, capacity 2417K, committed 2432K, reserved 1048576K
}

Deoptimization events (10 events):
Event: 1.027 Thread 0x00000217c68b0800 Uncommon trap: reason=class_check action=maybe_recompile pc=0x00000217b1009af0 method=java.util.concurrent.ConcurrentHashMap.putVal(Ljava/lang/Object;Ljava/lang/Object;Z)Ljava/lang/Object; @ 242 c2
Event: 1.027 Thread 0x00000217c68b0800 Uncommon trap: reason=class_check action=maybe_recompile pc=0x00000217b10099a8 method=java.util.concurrent.ConcurrentHashMap.putVal(Ljava/lang/Object;Ljava/lang/Object;Z)Ljava/lang/Object; @ 159 c2
Event: 1.027 Thread 0x00000217c68b0800 Uncommon trap: reason=class_check action=maybe_recompile pc=0x00000217b10099a8 method=java.util.concurrent.ConcurrentHashMap.putVal(Ljava/lang/Object;Ljava/lang/Object;Z)Ljava/lang/Object; @ 159 c2
Event: 1.085 Thread 0x00000217a1e31000 Uncommon trap: reason=unstable_if action=reinterpret pc=0x00000217b1029d84 method=java.util.regex.Pattern$BmpCharProperty.match(Ljava/util/regex/Matcher;ILjava/lang/CharSequence;)Z @ 39 c2
Event: 8.431 Thread 0x00000217a1e31000 Uncommon trap: reason=class_check action=maybe_recompile pc=0x00000217b10245b4 method=org.openqa.selenium.json.Input.init()V @ 18 c2
Event: 8.431 Thread 0x00000217a1e31000 Uncommon trap: reason=class_check action=maybe_recompile pc=0x00000217b10245b4 method=org.openqa.selenium.json.Input.init()V @ 18 c2
Event: 8.432 Thread 0x00000217a1e31000 Uncommon trap: reason=class_check action=maybe_recompile pc=0x00000217b10245b4 method=org.openqa.selenium.json.Input.init()V @ 18 c2
Event: 8.432 Thread 0x00000217a1e31000 Uncommon trap: reason=class_check action=maybe_recompile pc=0x00000217b10245b4 method=org.openqa.selenium.json.Input.init()V @ 18 c2
Event: 8.441 Thread 0x00000217a1e31000 Uncommon trap: reason=unstable_if action=reinterpret pc=0x00000217b102ea80 method=java.util.concurrent.ConcurrentHashMap.putVal(Ljava/lang/Object;Ljava/lang/Object;Z)Ljava/lang/Object; @ 256 c2
Event: 8.487 Thread 0x00000217a1e31000 Uncommon trap: reason=unstable_if action=reinterpret pc=0x00000217b0fbafbc method=sun.nio.fs.WindowsPathParser.isSlash(C)Z @ 9 c2

Classes redefined (10 events):
Event: 12442.243 Thread 0x00000217c49a0800 redefined class name=com.browserstack.run_first_test.FirstTest1, count=5
Event: 12442.254 Thread 0x00000217c49a0800 redefined class name=com.browserstack.run_first_test.FirstTest1$2, count=5
Event: 12959.672 Thread 0x00000217c49a0800 redefined class name=com.browserstack.run_first_test.FirstTest1, count=6
Event: 12959.679 Thread 0x00000217c49a0800 redefined class name=com.browserstack.run_first_test.FirstTest1$2, count=6
Event: 14941.092 Thread 0x00000217c49a0800 redefined class name=com.browserstack.run_first_test.FirstTest1, count=7
Event: 14941.102 Thread 0x00000217c49a0800 redefined class name=com.browserstack.run_first_test.FirstTest1$2, count=7
Event: 15740.737 Thread 0x00000217c49a0800 redefined class name=com.browserstack.run_first_test.FirstTest1, count=8
Event: 15740.746 Thread 0x00000217c49a0800 redefined class name=com.browserstack.run_first_test.FirstTest1$2, count=8
Event: 22865.485 Thread 0x00000217c49a0800 redefined class name=com.browserstack.run_first_test.FirstTest1, count=9
Event: 22865.494 Thread 0x00000217c49a0800 redefined class name=com.browserstack.run_first_test.FirstTest1$2, count=9

Internal exceptions (10 events):
Event: 0.954 Thread 0x00000217a1e31000 Exception <a 'java/lang/NoSuchMethodError'{0x0000000712883448}: java.lang.invoke.DirectMethodHandle$Holder.invokeVirtual(Ljava/lang/Object;Ljava/lang/Object;Ljava/lang/Object;)Ljava/lang/Object;> (0x0000000712883448) thrown at [./open/src/hotspot/share/in
Event: 1.030 Thread 0x00000217a1e31000 Exception <a 'java/lang/NoSuchMethodError'{0x000000071233e520}: java.lang.invoke.DirectMethodHandle$Holder.invokeStatic(Ljava/lang/Object;Ljava/lang/Object;Ljava/lang/Object;Ljava/lang/Object;Ljava/lang/Object;)V> (0x000000071233e520) thrown at [./open/sr
Event: 1.096 Thread 0x00000217a1e31000 Exception <a 'java/lang/NoSuchMethodError'{0x00000007118733a0}: java.lang.invoke.DirectMethodHandle$Holder.invokeStatic(Ljava/lang/Object;Ljava/lang/Object;Ljava/lang/Object;Ljava/lang/Object;)V> (0x00000007118733a0) thrown at [./open/src/hotspot/share/in
Event: 8.433 Thread 0x00000217a1e31000 Exception <a 'java/lang/NoSuchMethodError'{0x000000071155a6b0}: java.lang.invoke.DirectMethodHandle$Holder.invokeSpecialIFC(Ljava/lang/Object;Ljava/lang/Object;Ljava/lang/Object;)Ljava/lang/Object;> (0x000000071155a6b0) thrown at [./open/src/hotspot/share
Event: 8.457 Thread 0x00000217a1e31000 Exception <a 'java/lang/ClassNotFoundException'{0x00000007114a4128}: sun/util/logging/resources/spi/loggingProvider> (0x00000007114a4128) thrown at [./open/src/hotspot/share/classfile/systemDictionary.cpp, line 226]
Event: 8.478 Thread 0x00000217a1e31000 Exception <a 'java/lang/NoSuchMethodError'{0x00000007133975e0}: java.lang.invoke.DirectMethodHandle$Holder.invokeVirtual(Ljava/lang/Object;Ljava/lang/Object;Ljava/lang/Object;Ljava/lang/Object;)V> (0x00000007133975e0) thrown at [./open/src/hotspot/share/i
Event: 55.043 Thread 0x00000217a1e31000 Exception <a 'java/net/SocketTimeoutException'{0x00000007131449a8}: Read timed out> (0x00000007131449a8) thrown at [./open/src/hotspot/share/prims/jni.cpp, line 632]
Event: 110.051 Thread 0x00000217a1e31000 Exception <a 'java/net/SocketTimeoutException'{0x0000000712f3cb10}: Read timed out> (0x0000000712f3cb10) thrown at [./open/src/hotspot/share/prims/jni.cpp, line 632]
Event: 142.660 Thread 0x00000217a1e31000 Exception <a 'java/net/SocketTimeoutException'{0x0000000712f5da30}: Read timed out> (0x0000000712f5da30) thrown at [./open/src/hotspot/share/prims/jni.cpp, line 632]
Event: 280.808 Thread 0x00000217a1e31000 Exception <a 'java/net/SocketTimeoutException'{0x0000000712fa7fa8}: Read timed out> (0x0000000712fa7fa8) thrown at [./open/src/hotspot/share/prims/jni.cpp, line 632]

Events (10 events):
Event: 22865.501 Executing VM operation: GetFrameCount done
Event: 22865.501 Executing VM operation: GetFrameCount
Event: 22865.501 Executing VM operation: GetFrameCount done
Event: 22865.501 Executing VM operation: GetStackTrace
Event: 22865.502 Executing VM operation: GetStackTrace done
Event: 22865.507 Executing VM operation: ChangeBreakpoints
Event: 22865.510 Executing VM operation: ChangeBreakpoints done
Event: 22865.514 Executing VM operation: GetFrameLocation
Event: 22865.514 Executing VM operation: GetFrameLocation done
Event: 22865.514 Executing VM operation: GetOrSetLocal


Dynamic libraries:
0x00007ff603590000 - 0x00007ff60359f000 	C:\Program Files\Java\jdk-11.0.16\bin\java.exe
0x00007ff82a290000 - 0x00007ff82a4a7000 	C:\WINDOWS\SYSTEM32\ntdll.dll
0x00007ff8280f0000 - 0x00007ff8281b4000 	C:\WINDOWS\System32\KERNEL32.DLL
0x00007ff827640000 - 0x00007ff8279e6000 	C:\WINDOWS\System32\KERNELBASE.dll
0x00007ff827bb0000 - 0x00007ff827cc1000 	C:\WINDOWS\System32\ucrtbase.dll
0x00007ff8096a0000 - 0x00007ff8096b8000 	C:\Program Files\Java\jdk-11.0.16\bin\jli.dll
0x00007ff802de0000 - 0x00007ff802df5000 	C:\Program Files\Java\jdk-11.0.16\bin\VCRUNTIME140.dll
0x00007ff829c10000 - 0x00007ff829cc0000 	C:\WINDOWS\System32\ADVAPI32.dll
0x00007ff8297f0000 - 0x00007ff829897000 	C:\WINDOWS\System32\msvcrt.dll
0x00007ff828d60000 - 0x00007ff828e06000 	C:\WINDOWS\System32\sechost.dll
0x00007ff828e10000 - 0x00007ff828f27000 	C:\WINDOWS\System32\RPCRT4.dll
0x00007ff829620000 - 0x00007ff8297cd000 	C:\WINDOWS\System32\USER32.dll
0x00007ff827610000 - 0x00007ff827636000 	C:\WINDOWS\System32\win32u.dll
0x00007ff810a80000 - 0x00007ff810d13000 	C:\WINDOWS\WinSxS\amd64_microsoft.windows.common-controls_6595b64144ccf1df_6.0.22621.2361_none_2712ced57382f843\COMCTL32.dll
0x00007ff829b80000 - 0x00007ff829ba9000 	C:\WINDOWS\System32\GDI32.dll
0x00007ff8279f0000 - 0x00007ff827b08000 	C:\WINDOWS\System32\gdi32full.dll
0x00007ff827b10000 - 0x00007ff827baa000 	C:\WINDOWS\System32\msvcp_win.dll
0x00007ff81c950000 - 0x00007ff81c95a000 	C:\WINDOWS\SYSTEM32\VERSION.dll
0x00007ff829ce0000 - 0x00007ff829d11000 	C:\WINDOWS\System32\IMM32.DLL
0x00007fffe5b50000 - 0x00007fffe5beb000 	C:\Program Files\Java\jdk-11.0.16\bin\msvcp140.dll
0x00007fffb3560000 - 0x00007fffb4078000 	C:\Program Files\Java\jdk-11.0.16\bin\server\jvm.dll
0x00007ff829b70000 - 0x00007ff829b78000 	C:\WINDOWS\System32\PSAPI.DLL
0x00007ff81c910000 - 0x00007ff81c944000 	C:\WINDOWS\SYSTEM32\WINMM.dll
0x00007ff808d70000 - 0x00007ff808d79000 	C:\WINDOWS\SYSTEM32\WSOCK32.dll
0x00007ff8298a0000 - 0x00007ff829911000 	C:\WINDOWS\System32\WS2_32.dll
0x00007ff8266e0000 - 0x00007ff8266f8000 	C:\WINDOWS\SYSTEM32\kernel.appcore.dll
0x00007ff810180000 - 0x00007ff810190000 	C:\Program Files\Java\jdk-11.0.16\bin\verify.dll
0x00007ff825120000 - 0x00007ff82534e000 	C:\WINDOWS\SYSTEM32\DBGHELP.DLL
0x00007ff829030000 - 0x00007ff8293ba000 	C:\WINDOWS\System32\combase.dll
0x00007ff827ff0000 - 0x00007ff8280c7000 	C:\WINDOWS\System32\OLEAUT32.dll
0x00007ff80ba40000 - 0x00007ff80ba72000 	C:\WINDOWS\SYSTEM32\dbgcore.DLL
0x00007ff827e40000 - 0x00007ff827eba000 	C:\WINDOWS\System32\bcryptPrimitives.dll
0x00007ffff0ad0000 - 0x00007ffff0af8000 	C:\Program Files\Java\jdk-11.0.16\bin\java.dll
0x00007ff809690000 - 0x00007ff80969a000 	C:\Program Files\Java\jdk-11.0.16\bin\jimage.dll
0x00007ff801e80000 - 0x00007ff801eb8000 	C:\Program Files\Java\jdk-11.0.16\bin\jdwp.dll
0x00007ff81f870000 - 0x00007ff81f87e000 	C:\Program Files\Java\jdk-11.0.16\bin\instrument.dll
0x00007ff8013d0000 - 0x00007ff8013e6000 	C:\Program Files\Java\jdk-11.0.16\bin\zip.dll
0x00007ff828340000 - 0x00007ff828b98000 	C:\WINDOWS\System32\SHELL32.dll
0x00007ff825580000 - 0x00007ff825e72000 	C:\WINDOWS\SYSTEM32\windows.storage.dll
0x00007ff825360000 - 0x00007ff82549e000 	C:\WINDOWS\SYSTEM32\wintypes.dll
0x00007ff828240000 - 0x00007ff828333000 	C:\WINDOWS\System32\SHCORE.dll
0x00007ff829bb0000 - 0x00007ff829c0e000 	C:\WINDOWS\System32\shlwapi.dll
0x00007ff827540000 - 0x00007ff827566000 	C:\WINDOWS\SYSTEM32\profapi.dll
0x00007ff81d9b0000 - 0x00007ff81d9ba000 	C:\Program Files\Java\jdk-11.0.16\bin\dt_socket.dll
0x00007ff826bc0000 - 0x00007ff826c29000 	C:\WINDOWS\system32\mswsock.dll
0x00007ffff3790000 - 0x00007ffff37a9000 	C:\Program Files\Java\jdk-11.0.16\bin\net.dll
0x00007ff81ddf0000 - 0x00007ff81df27000 	C:\WINDOWS\SYSTEM32\WINHTTP.dll
0x00007fffe5b30000 - 0x00007fffe5b42000 	C:\Program Files\Java\jdk-11.0.16\bin\nio.dll
0x00007ff826e10000 - 0x00007ff826e2b000 	C:\WINDOWS\SYSTEM32\CRYPTSP.dll
0x00007ff8266a0000 - 0x00007ff8266d5000 	C:\WINDOWS\system32\rsaenh.dll
0x00007ff826cb0000 - 0x00007ff826cdc000 	C:\WINDOWS\SYSTEM32\USERENV.dll
0x00007ff826fd0000 - 0x00007ff826ff8000 	C:\WINDOWS\SYSTEM32\bcrypt.dll
0x00007ff826e30000 - 0x00007ff826e3c000 	C:\WINDOWS\SYSTEM32\CRYPTBASE.dll
0x00007ff826150000 - 0x00007ff82617d000 	C:\WINDOWS\SYSTEM32\IPHLPAPI.DLL
0x00007ff829610000 - 0x00007ff829619000 	C:\WINDOWS\System32\NSI.dll
0x00007ff81c8f0000 - 0x00007ff81c909000 	C:\WINDOWS\SYSTEM32\dhcpcsvc6.DLL
0x00007ff81c8d0000 - 0x00007ff81c8ef000 	C:\WINDOWS\SYSTEM32\dhcpcsvc.DLL
0x00007ff8261c0000 - 0x00007ff8262b9000 	C:\WINDOWS\SYSTEM32\DNSAPI.dll
0x00007ff812f30000 - 0x00007ff812f3d000 	C:\Program Files\Java\jdk-11.0.16\bin\sunmscapi.dll
0x00007ff827cd0000 - 0x00007ff827e36000 	C:\WINDOWS\System32\CRYPT32.dll
0x00007ff826fa0000 - 0x00007ff826fcd000 	C:\WINDOWS\SYSTEM32\ncrypt.dll
0x00007ff826f60000 - 0x00007ff826f97000 	C:\WINDOWS\SYSTEM32\NTASN1.dll
0x00007ff801e50000 - 0x00007ff801e75000 	C:\Program Files\Java\jdk-11.0.16\bin\sunec.dll

dbghelp: loaded successfully - version: 4.0.5 - missing functions: none
symbol engine: initialized successfully - sym options: 0x614 - pdb path: .;C:\Program Files\Java\jdk-11.0.16\bin;C:\WINDOWS\SYSTEM32;C:\WINDOWS\WinSxS\amd64_microsoft.windows.common-controls_6595b64144ccf1df_6.0.22621.2361_none_2712ced57382f843;C:\Program Files\Java\jdk-11.0.16\bin\server

VM Arguments:
jvm_args: -agentlib:jdwp=transport=dt_socket,address=127.0.0.1:53576,suspend=y,server=n -ea -Didea.test.cyclic.buffer.size=1048576 -javaagent:C:\Users\abhin\AppData\Local\JetBrains\IdeaIC2022.2\captureAgent\debugger-agent.jar -Dfile.encoding=UTF-8 
java_command: com.intellij.rt.testng.RemoteTestNGStarter -usedefaultlisteners false -socket53575 @w@C:\Users\abhin\AppData\Local\Temp\idea_working_dirs_testng.tmp -temp C:\Users\abhin\AppData\Local\Temp\idea_testng.tmp
java_class_path (initial): C:\Program Files\JetBrains\IntelliJ IDEA Community Edition 2022.2.1\lib\idea_rt.jar;C:\Program Files\JetBrains\IntelliJ IDEA Community Edition 2022.2.1\plugins\testng\lib\testng-rt.jar;C:\Users\abhin\OneDrive\Desktop\Prac\Google-Maps-Simulation-main\Google-Maps-Simulation-main\target\test-classes;C:\Users\abhin\.m2\repository\com\opencsv\opencsv\5.7.1\opencsv-5.7.1.jar;C:\Users\abhin\.m2\repository\org\apache\commons\commons-lang3\3.12.0\commons-lang3-3.12.0.jar;C:\Users\abhin\.m2\repository\org\apache\commons\commons-text\1.10.0\commons-text-1.10.0.jar;C:\Users\abhin\.m2\repository\commons-beanutils\commons-beanutils\1.9.4\commons-beanutils-1.9.4.jar;C:\Users\abhin\.m2\repository\commons-logging\commons-logging\1.2\commons-logging-1.2.jar;C:\Users\abhin\.m2\repository\commons-collections\commons-collections\3.2.2\commons-collections-3.2.2.jar;C:\Users\abhin\.m2\repository\org\apache\commons\commons-collections4\4.4\commons-collections4-4.4.jar;C:\Users\abhin\.m2\repository\org\testng\testng\6.9.10\testng-6.9.10.jar;C:\Users\abhin\.m2\repository\com\beust\jcommander\1.48\jcommander-1.48.jar;C:\Users\abhin\.m2\repository\org\beanshell\bsh\2.0b4\bsh-2.0b4.jar;C:\Users\abhin\.m2\repository\io\appium\java-client\7.3.0\java-client-7.3.0.jar;C:\Users\abhin\.m2\repository\org\seleniumhq\selenium\selenium-support\3.141.59\selenium-support-3.141.59.jar;C:\Users\abhin\.m2\repository\org\seleniumhq\selenium\selenium-api\3.141.59\selenium-api-3.141.59.jar;C:\Users\abhin\.m2\repository\com\google\code\gson\gson\2.8.5\gson-2.8.5.jar;C:\Users\abhin\.m2\repository\org\apache\httpcomponents\httpclient\4.5.9\httpclient-4.5.9.jar;C:\Users\abhin\.m2\repository\org\apache\httpcomponents\httpcore\4.4.11\httpcore-4.4.11.jar;C:\Users\abhin\.m2\repository\commons-codec\commons-codec\1.11\commons-codec-1.11.jar;C:\Users\abhin\.m2\repository\cglib\cglib\3.2.12\cglib-3.2.12.jar;C:\Users\abhin\.m2\repository\org\ow2\asm\asm\7.1\asm-7.1.jar;C:\Users\abhin\.m2\reposit
Launcher Type: SUN_STANDARD

[Global flags]
     intx CICompilerCount                          = 4                                         {product} {ergonomic}
     uint ConcGCThreads                            = 2                                         {product} {ergonomic}
     uint G1ConcRefinementThreads                  = 8                                         {product} {ergonomic}
   size_t G1HeapRegionSize                         = 1048576                                   {product} {ergonomic}
    uintx GCDrainStackTargetSize                   = 64                                        {product} {ergonomic}
   size_t InitialHeapSize                          = 266338304                                 {product} {ergonomic}
   size_t MarkStackSize                            = 4194304                                   {product} {ergonomic}
   size_t MaxHeapSize                              = 4238344192                                {product} {ergonomic}
   size_t MaxNewSize                               = 2542796800                                {product} {ergonomic}
   size_t MinHeapDeltaBytes                        = 1048576                                   {product} {ergonomic}
    uintx NonNMethodCodeHeapSize                   = 5836300                                {pd product} {ergonomic}
    uintx NonProfiledCodeHeapSize                  = 122910970                              {pd product} {ergonomic}
    uintx ProfiledCodeHeapSize                     = 122910970                              {pd product} {ergonomic}
    uintx ReservedCodeCacheSize                    = 251658240                              {pd product} {ergonomic}
     bool SegmentedCodeCache                       = true                                      {product} {ergonomic}
     bool UseCompressedClassPointers               = true                                 {lp64_product} {ergonomic}
     bool UseCompressedOops                        = true                                 {lp64_product} {ergonomic}
     bool UseG1GC                                  = true                                      {product} {ergonomic}
     bool UseLargePagesIndividualAllocation        = false                                  {pd product} {ergonomic}

Logging:
Log output configuration:
 #0: stdout all=warning uptime,level,tags
 #1: stderr all=off uptime,level,tags

Environment Variables:
JAVA_HOME=C:\Program Files\Java\jdk-11.0.16
PATH=C:\Program Files\Common Files\Oracle\Java\javapath;C:\WINDOWS\system32;C:\WINDOWS;C:\WINDOWS\System32\Wbem;C:\WINDOWS\System32\WindowsPowerShell\v1.0\;C:\WINDOWS\System32\OpenSSH\;C:\Users\abhin\Downloads\apache-maven-3.8.6\bin;C:\Program Files\Git\cmd;C:\Program Files (x86)\Microsoft SQL Server\160\DTS\Binn\;C:\Program Files\Azure Data Studio\bin;C:\Users\abhin\OneDrive\Desktop\Jmater CommD data\apache-jmeter-5.5\bin;C:\Program Files\nodejs\;C:\Users\abhin\AppData\Local\Android\Sdk\build-tools;C:\Users\abhin\AppData\Local\Android\Sdk\platform-tools;C:\Users\abhin\AppData\Local\Android\Sdk\tools;C:\Users\abhin\AppData\Local\Android\Sdk\platforms;C:\Users\abhin\AppData\Local\Programs\Python\Python311\Scripts\;C:\Users\abhin\AppData\Local\Programs\Python\Python311\;C:\Program Files\MySQL\MySQL Shell 8.0\bin\;C:\Users\abhin\scoop\shims;C:\Users\abhin\AppData\Local\Programs\Python\Python310\Scripts\;C:\Users\abhin\AppData\Local\Programs\Python\Python310\;C:\Users\abhin\AppData\Local\Microsoft\WindowsApps;C:\Program Files\Java\jdk-11.0.16\bin;C:\Users\abhin\AppData\Local\Programs\Microsoft VS Code\bin;C:\Program Files\JetBrains\IntelliJ IDEA Community Edition 2022.2.1\bin;C:\Program Files\JetBrains\PyCharm Community Edition 2022.2.3\bin;C:\Program Files\PostgreSQL\15\pgAdmin 4\bin;C:\Program Files\Azure Data Studio\bin;C:\Users\abhin\OneDrive\Desktop\Jmeter\apache-jmeter-5.5\bin;C:\Program Files\apache-maven-3.8.6\bin;C:\Users\abhin\AppData\Roaming\npm
USERNAME=abhin
OS=Windows_NT
PROCESSOR_IDENTIFIER=Intel64 Family 6 Model 140 Stepping 1, GenuineIntel



---------------  S Y S T E M  ---------------

OS: Windows 11 , 64 bit Build 22621 (10.0.22621.2428)

CPU:total 8 (initial active 8) (4 cores per cpu, 2 threads per core) family 6 model 140 stepping 1 microcode 0x86, cmov, cx8, fxsr, mmx, sse, sse2, sse3, ssse3, sse4.1, sse4.2, popcnt, avx, avx2, aes, clmul, erms, 3dnowpref, lzcnt, ht, tsc, tscinvbit, bmi1, bmi2, adx, evex, sha, fma

Memory: 4k page, system-wide physical 16167M (4578M free)
TotalPageFile size 18599M (AvailPageFile size 2678M)
current process WorkingSet (physical memory assigned to process): 52M, peak: 114M
current process commit charge ("private bytes"): 366M, peak: 371M

vm_info: Java HotSpot(TM) 64-Bit Server VM (11.0.16+11-LTS-199) for windows-amd64 JRE (11.0.16+11-LTS-199), built on Jun 28 2022 08:23:17 by "mach5one" with MS VC++ 15.9 (VS2017)

END.
